# JRE version: Java(TM) SE Runtime Environment (8.0_221-b11) (build 1.8.0_221-b11)
# Java VM: Java HotSpot(TM) 64-Bit Server VM (25.221-b11 mixed mode windows-amd64 compressed oops)
Heap:
 PSYoungGen      total 112128K, used 37458K [0x00000000d5f80000, 0x00000000dd900000, 0x0000000100000000)
  eden space 102912K, 27% used [0x00000000d5f80000,0x00000000d7b16008,0x00000000dc400000)
  from space 9216K, 99% used [0x00000000dcf80000,0x00000000dd87ea20,0x00000000dd880000)
  to   space 10752K, 0% used [0x00000000dc400000,0x00000000dc400000,0x00000000dce80000)
 ParOldGen       total 56320K, used 10040K [0x0000000081e00000, 0x0000000085500000, 0x00000000d5f80000)
  object space 56320K, 17% used [0x0000000081e00000,0x00000000827ce210,0x0000000085500000)
 Metaspace       used 33395K, capacity 35298K, committed 35496K, reserved 1079296K
  class space    used 4464K, capacity 4843K, committed 4864K, reserved 1048576K
GC Heap History (10 events):
Event: 1.448 GC heap before
{Heap before GC invocations=3 (full 0):
 PSYoungGen      total 38400K, used 38370K [0x00000000d5f80000, 0x00000000daa80000, 0x0000000100000000)
  eden space 33280K, 100% used [0x00000000d5f80000,0x00000000d8000000,0x00000000d8000000)
  from space 5120K, 99% used [0x00000000d8500000,0x00000000d89f8b50,0x00000000d8a00000)
  to   space 5120K, 0% used [0x00000000d8000000,0x00000000d8000000,0x00000000d8500000)
 ParOldGen       total 87552K, used 780K [0x0000000081e00000, 0x0000000087380000, 0x00000000d5f80000)
  object space 87552K, 0% used [0x0000000081e00000,0x0000000081ec3250,0x0000000087380000)
 Metaspace       used 17115K, capacity 17630K, committed 17920K, reserved 1064960K
  class space    used 2290K, capacity 2446K, committed 2560K, reserved 1048576K
Event: 1.456 GC heap after
Heap after GC invocations=3 (full 0):
 PSYoungGen      total 38400K, used 5118K [0x00000000d5f80000, 0x00000000daa80000, 0x0000000100000000)
  eden space 33280K, 0% used [0x00000000d5f80000,0x00000000d5f80000,0x00000000d8000000)
  from space 5120K, 99% used [0x00000000d8000000,0x00000000d84ff9d0,0x00000000d8500000)
  to   space 5120K, 0% used [0x00000000da580000,0x00000000da580000,0x00000000daa80000)
 ParOldGen       total 87552K, used 2245K [0x0000000081e00000, 0x0000000087380000, 0x00000000d5f80000)
  object space 87552K, 2% used [0x0000000081e00000,0x0000000082031590,0x0000000087380000)
 Metaspace       used 17115K, capacity 17630K, committed 17920K, reserved 1064960K
  class space    used 2290K, capacity 2446K, committed 2560K, reserved 1048576K
}
Event: 1.571 GC heap before
{Heap before GC invocations=4 (full 0):
 PSYoungGen      total 38400K, used 31581K [0x00000000d5f80000, 0x00000000daa80000, 0x0000000100000000)
  eden space 33280K, 79% used [0x00000000d5f80000,0x00000000d7957b58,0x00000000d8000000)
  from space 5120K, 99% used [0x00000000d8000000,0x00000000d84ff9d0,0x00000000d8500000)
  to   space 5120K, 0% used [0x00000000da580000,0x00000000da580000,0x00000000daa80000)
 ParOldGen       total 87552K, used 2245K [0x0000000081e00000, 0x0000000087380000, 0x00000000d5f80000)
  object space 87552K, 2% used [0x0000000081e00000,0x0000000082031590,0x0000000087380000)
 Metaspace       used 20598K, capacity 21226K, committed 21296K, reserved 1067008K
  class space    used 2719K, capacity 2896K, committed 2944K, reserved 1048576K
Event: 1.578 GC heap after
Heap after GC invocations=4 (full 0):
 PSYoungGen      total 71680K, used 5097K [0x00000000d5f80000, 0x00000000daa80000, 0x0000000100000000)
  eden space 66560K, 0% used [0x00000000d5f80000,0x00000000d5f80000,0x00000000da080000)
  from space 5120K, 99% used [0x00000000da580000,0x00000000daa7a6c8,0x00000000daa80000)
  to   space 5120K, 0% used [0x00000000da080000,0x00000000da080000,0x00000000da580000)
 ParOldGen       total 87552K, used 4606K [0x0000000081e00000, 0x0000000087380000, 0x00000000d5f80000)
  object space 87552K, 5% used [0x0000000081e00000,0x000000008227f800,0x0000000087380000)
 Metaspace       used 20598K, capacity 21226K, committed 21296K, reserved 1067008K
  class space    used 2719K, capacity 2896K, committed 2944K, reserved 1048576K
}
Event: 1.578 GC heap before
{Heap before GC invocations=5 (full 1):
 PSYoungGen      total 71680K, used 5097K [0x00000000d5f80000, 0x00000000daa80000, 0x0000000100000000)
  eden space 66560K, 0% used [0x00000000d5f80000,0x00000000d5f80000,0x00000000da080000)
  from space 5120K, 99% used [0x00000000da580000,0x00000000daa7a6c8,0x00000000daa80000)
  to   space 5120K, 0% used [0x00000000da080000,0x00000000da080000,0x00000000da580000)
 ParOldGen       total 87552K, used 4606K [0x0000000081e00000, 0x0000000087380000, 0x00000000d5f80000)
  object space 87552K, 5% used [0x0000000081e00000,0x000000008227f800,0x0000000087380000)
 Metaspace       used 20598K, capacity 21226K, committed 21296K, reserved 1067008K
  class space    used 2719K, capacity 2896K, committed 2944K, reserved 1048576K
Event: 1.606 GC heap after
Heap after GC invocations=5 (full 1):
 PSYoungGen      total 71680K, used 0K [0x00000000d5f80000, 0x00000000daa80000, 0x0000000100000000)
  eden space 66560K, 0% used [0x00000000d5f80000,0x00000000d5f80000,0x00000000da080000)
  from space 5120K, 0% used [0x00000000da580000,0x00000000da580000,0x00000000daa80000)
  to   space 5120K, 0% used [0x00000000da080000,0x00000000da080000,0x00000000da580000)
 ParOldGen       total 56320K, used 7266K [0x0000000081e00000, 0x0000000085500000, 0x00000000d5f80000)
  object space 56320K, 12% used [0x0000000081e00000,0x0000000082518b30,0x0000000085500000)
 Metaspace       used 20598K, capacity 21226K, committed 21296K, reserved 1067008K
  class space    used 2719K, capacity 2896K, committed 2944K, reserved 1048576K
}
Event: 2.295 GC heap before
{Heap before GC invocations=6 (full 1):
 PSYoungGen      total 71680K, used 66560K [0x00000000d5f80000, 0x00000000daa80000, 0x0000000100000000)
  eden space 66560K, 100% used [0x00000000d5f80000,0x00000000da080000,0x00000000da080000)
  from space 5120K, 0% used [0x00000000da580000,0x00000000da580000,0x00000000daa80000)
  to   space 5120K, 0% used [0x00000000da080000,0x00000000da080000,0x00000000da580000)
 ParOldGen       total 56320K, used 7266K [0x0000000081e00000, 0x0000000085500000, 0x00000000d5f80000)
  object space 56320K, 12% used [0x0000000081e00000,0x0000000082518b30,0x0000000085500000)
 Metaspace       used 25301K, capacity 26662K, committed 26880K, reserved 1073152K
  class space    used 3438K, capacity 3714K, committed 3840K, reserved 1048576K
Event: 2.301 GC heap after
Heap after GC invocations=6 (full 1):
 PSYoungGen      total 71680K, used 5099K [0x00000000d5f80000, 0x00000000dd880000, 0x0000000100000000)
  eden space 66560K, 0% used [0x00000000d5f80000,0x00000000d5f80000,0x00000000da080000)
  from space 5120K, 99% used [0x00000000da080000,0x00000000da57ad20,0x00000000da580000)
  to   space 9216K, 0% used [0x00000000dcf80000,0x00000000dcf80000,0x00000000dd880000)
 ParOldGen       total 56320K, used 9541K [0x0000000081e00000, 0x0000000085500000, 0x00000000d5f80000)
  object space 56320K, 16% used [0x0000000081e00000,0x00000000827516f8,0x0000000085500000)
 Metaspace       used 25301K, capacity 26662K, committed 26880K, reserved 1073152K
  class space    used 3438K, capacity 3714K, committed 3840K, reserved 1048576K
}
Event: 3.154 GC heap before
{Heap before GC invocations=7 (full 1):
 PSYoungGen      total 71680K, used 71659K [0x00000000d5f80000, 0x00000000dd880000, 0x0000000100000000)
  eden space 66560K, 100% used [0x00000000d5f80000,0x00000000da080000,0x00000000da080000)
  from space 5120K, 99% used [0x00000000da080000,0x00000000da57ad20,0x00000000da580000)
  to   space 9216K, 0% used [0x00000000dcf80000,0x00000000dcf80000,0x00000000dd880000)
 ParOldGen       total 56320K, used 9541K [0x0000000081e00000, 0x0000000085500000, 0x00000000d5f80000)
  object space 56320K, 16% used [0x0000000081e00000,0x00000000827516f8,0x0000000085500000)
 Metaspace       used 30131K, capacity 31922K, committed 32128K, reserved 1077248K
  class space    used 4081K, capacity 4435K, committed 4480K, reserved 1048576K
Event: 3.163 GC heap after
Heap after GC invocations=7 (full 1):
 PSYoungGen      total 112128K, used 9210K [0x00000000d5f80000, 0x00000000dd900000, 0x0000000100000000)
  eden space 102912K, 0% used [0x00000000d5f80000,0x00000000d5f80000,0x00000000dc400000)
  from space 9216K, 99% used [0x00000000dcf80000,0x00000000dd87ea20,0x00000000dd880000)
  to   space 10752K, 0% used [0x00000000dc400000,0x00000000dc400000,0x00000000dce80000)
 ParOldGen       total 56320K, used 10040K [0x0000000081e00000, 0x0000000085500000, 0x00000000d5f80000)
  object space 56320K, 17% used [0x0000000081e00000,0x00000000827ce210,0x0000000085500000)
 Metaspace       used 30131K, capacity 31922K, committed 32128K, reserved 1077248K
  class space    used 4081K, capacity 4435K, committed 4480K, reserved 1048576K
}

